<?xml version="1.0" encoding="UTF-8"?>
<!-- Generated by org.testng.reporters.JUnitReportReporter -->
<testsuite hostname="DESKTOP-62GSMIM" failures="0" tests="1" name="orangeHRMFramework.orangeHRMFramework.LoinPageTest" time="0.914" errors="0" timestamp="2025-03-13T21:35:32 IST" skipped="0">
  <testcase classname="orangeHRMFramework.orangeHRMFramework.LoinPageTest" name="loginTest" time="0.914"/>
  <system-out/>
</testsuite> <!-- orangeHRMFramework.orangeHRMFramework.LoinPageTest -->
