<?xml version="1.0" encoding="UTF-8"?>
<!-- Generated by org.testng.reporters.JUnitReportReporter -->
<testsuite hostname="DESKTOP-62GSMIM" failures="0" tests="5" name="com.orangeHRMFramework.test.LoginPageTest" time="64.084" errors="0" timestamp="2025-03-23T13:13:36 IST" skipped="0">
  <testcase classname="com.orangeHRMFramework.test.LoginPageTest" name="forgotCancel" time="8.043"/>
  <system-out/>
  <testcase classname="com.orangeHRMFramework.test.LoginPageTest" name="invalidLoginTest" time="13.967"/>
  <system-out/>
  <testcase classname="com.orangeHRMFramework.test.LoginPageTest" name="homePageTest" time="15.397"/>
  <system-out/>
  <testcase classname="com.orangeHRMFramework.test.LoginPageTest" name="forgotSuccess" time="10.316"/>
  <system-out/>
  <testcase classname="com.orangeHRMFramework.test.LoginPageTest" name="validLoginTest" time="16.361"/>
  <system-out/>
</testsuite> <!-- com.orangeHRMFramework.test.LoginPageTest -->
