<?xml version="1.0" encoding="UTF-8"?>
<!-- Generated by org.testng.reporters.JUnitReportReporter -->
<testsuite hostname="DESKTOP-62GSMIM" failures="0" tests="1" name="com.orangeHRMFramework.test.LoinPageTest" time="5.053" errors="0" timestamp="2025-03-13T22:20:11 IST" skipped="0">
  <testcase classname="com.orangeHRMFramework.test.LoinPageTest" name="loginTest" time="5.053"/>
  <system-out/>
</testsuite> <!-- com.orangeHRMFramework.test.LoinPageTest -->
